<?xml version="1.0" encoding="UTF-8"?>
<testng-results ignored="0" total="1" passed="1" failed="0" skipped="0">
  <reporter-output>
  </reporter-output>
  <suite started-at="2024-09-19T11:31:37 IST" name="Default suite" finished-at="2024-09-19T11:32:34 IST" duration-ms="57492">
    <groups>
    </groups>
    <test started-at="2024-09-19T11:31:37 IST" name="Default test" finished-at="2024-09-19T11:32:34 IST" duration-ms="57492">
      <class name="Cleartrip_Flight.Project02.Different_classes">
        <test-method is-config="true" signature="Launch_Browser()[pri:0, instance:Cleartrip_Flight.Project02.Different_classes@291ae]" started-at="2024-09-19T11:31:37 IST" name="Launch_Browser" finished-at="2024-09-19T11:31:42 IST" duration-ms="5218" status="PASS">
          <reporter-output>
          </reporter-output>
        </test-method> <!-- Launch_Browser -->
        <test-method signature="roundway()[pri:0, instance:Cleartrip_Flight.Project02.Different_classes@291ae]" started-at="2024-09-19T11:31:42 IST" name="roundway" finished-at="2024-09-19T11:32:29 IST" duration-ms="47229" status="PASS">
          <reporter-output>
          </reporter-output>
        </test-method> <!-- roundway -->
        <test-method is-config="true" signature="Quit_Browser()[pri:0, instance:Cleartrip_Flight.Project02.Different_classes@291ae]" started-at="2024-09-19T11:32:29 IST" name="Quit_Browser" finished-at="2024-09-19T11:32:34 IST" duration-ms="5022" status="PASS">
          <reporter-output>
          </reporter-output>
        </test-method> <!-- Quit_Browser -->
      </class> <!-- Cleartrip_Flight.Project02.Different_classes -->
    </test> <!-- Default test -->
  </suite> <!-- Default suite -->
</testng-results>
